2004.08.02 19:27 B F:\PROJECT\winfile\winfile-object\lib\OLD\backup_block.pm --> ftp.xs4all.nl /home/.3/h/home/WWW/mboot/ftp/amrta/lib/OLD backup_block.pm
2004.08.02 19:27 B F:\PROJECT\winfile\winfile-object\lib\OLD\backup_file.pm --> ftp.xs4all.nl /home/.3/h/home/WWW/mboot/ftp/amrta/lib/OLD backup_file.pm
2004.08.02 19:27 B F:\PROJECT\winfile\winfile-object\lib\OLD\backup_item.pm --> ftp.xs4all.nl /home/.3/h/home/WWW/mboot/ftp/amrta/lib/OLD backup_item.pm
2004.08.02 19:27 B F:\PROJECT\winfile\winfile-object\lib\OLD\backup_machine.pm --> ftp.xs4all.nl /home/.3/h/home/WWW/mboot/ftp/amrta/lib/OLD backup_machine.pm
2004.08.02 19:27 B F:\PROJECT\winfile\winfile-object\lib\OLD\backup_volume.pm --> ftp.xs4all.nl /home/.3/h/home/WWW/mboot/ftp/amrta/lib/OLD backup_volume.pm
2004.08.02 19:27 B F:\PROJECT\winfile\winfile-object\lib\OLD\check.pm --> ftp.xs4all.nl /home/.3/h/home/WWW/mboot/ftp/amrta/lib/OLD check.pm
2004.08.02 19:27 B F:\PROJECT\winfile\winfile-object\lib\OLD\cmd.pm --> ftp.xs4all.nl /home/.3/h/home/WWW/mboot/ftp/amrta/lib/OLD cmd.pm
2004.08.02 19:27 B F:\PROJECT\winfile\winfile-object\lib\OLD\compress.pm --> ftp.xs4all.nl /home/.3/h/home/WWW/mboot/ftp/amrta/lib/OLD compress.pm
2004.08.02 19:27 B F:\PROJECT\winfile\winfile-object\lib\OLD\db.pm --> ftp.xs4all.nl /home/.3/h/home/WWW/mboot/ftp/amrta/lib/OLD db.pm
2004.08.02 19:27 B F:\PROJECT\winfile\winfile-object\lib\OLD\db_attributes.pm --> ftp.xs4all.nl /home/.3/h/home/WWW/mboot/ftp/amrta/lib/OLD db_attributes.pm
2004.08.02 19:27 B F:\PROJECT\winfile\winfile-object\lib\OLD\db_data_blocks.pm --> ftp.xs4all.nl /home/.3/h/home/WWW/mboot/ftp/amrta/lib/OLD db_data_blocks.pm
2004.08.02 19:27 B F:\PROJECT\winfile\winfile-object\lib\OLD\db_data_md5.pm --> ftp.xs4all.nl /home/.3/h/home/WWW/mboot/ftp/amrta/lib/OLD db_data_md5.pm
2004.08.02 19:27 B F:\PROJECT\winfile\winfile-object\lib\OLD\db_data_refcount.pm --> ftp.xs4all.nl /home/.3/h/home/WWW/mboot/ftp/amrta/lib/OLD db_data_refcount.pm
2004.08.02 19:27 B F:\PROJECT\winfile\winfile-object\lib\OLD\db_history.pm --> ftp.xs4all.nl /home/.3/h/home/WWW/mboot/ftp/amrta/lib/OLD db_history.pm
2004.08.02 19:27 B F:\PROJECT\winfile\winfile-object\lib\OLD\db_machine.pm --> ftp.xs4all.nl /home/.3/h/home/WWW/mboot/ftp/amrta/lib/OLD db_machine.pm
2004.08.02 19:27 B F:\PROJECT\winfile\winfile-object\lib\OLD\db_volumes.pm --> ftp.xs4all.nl /home/.3/h/home/WWW/mboot/ftp/amrta/lib/OLD db_volumes.pm
2004.08.02 19:27 B F:\PROJECT\winfile\winfile-object\lib\OLD\gensym.pm --> ftp.xs4all.nl /home/.3/h/home/WWW/mboot/ftp/amrta/lib/OLD gensym.pm
2004.08.02 19:27 B F:\PROJECT\winfile\winfile-object\lib\OLD\log_msg.pm --> ftp.xs4all.nl /home/.3/h/home/WWW/mboot/ftp/amrta/lib/OLD log_msg.pm
2004.08.02 19:27 B F:\PROJECT\winfile\winfile-object\lib\OLD\machine.pm --> ftp.xs4all.nl /home/.3/h/home/WWW/mboot/ftp/amrta/lib/OLD machine.pm
2004.08.02 19:27 B F:\PROJECT\winfile\winfile-object\lib\OLD\recover_directory.pm --> ftp.xs4all.nl /home/.3/h/home/WWW/mboot/ftp/amrta/lib/OLD recover_directory.pm
2004.08.02 19:27 B F:\PROJECT\winfile\winfile-object\lib\OLD\recover_file.pm --> ftp.xs4all.nl /home/.3/h/home/WWW/mboot/ftp/amrta/lib/OLD recover_file.pm
2004.08.02 19:27 B F:\PROJECT\winfile\winfile-object\lib\OLD\recover_machine.pm --> ftp.xs4all.nl /home/.3/h/home/WWW/mboot/ftp/amrta/lib/OLD recover_machine.pm
2004.08.02 19:27 B F:\PROJECT\winfile\winfile-object\lib\OLD\Session.pm --> ftp.xs4all.nl /home/.3/h/home/WWW/mboot/ftp/amrta/lib/OLD Session.pm
2004.08.02 19:27 B F:\PROJECT\winfile\winfile-object\lib\OLD\skip.pm --> ftp.xs4all.nl /home/.3/h/home/WWW/mboot/ftp/amrta/lib/OLD skip.pm
2004.08.02 19:27 B F:\PROJECT\winfile\winfile-object\lib\OLD\test_w32.pl --> ftp.xs4all.nl /home/.3/h/home/WWW/mboot/ftp/amrta/lib/OLD test_w32.pl
